<?xml version="1.0" encoding="UTF-8"?>
<!-- Generated by org.testng.reporters.JUnitXMLReporter -->
<testsuite hostname="SPBDDEV035" name="SignIN" tests="3" failures="0" timestamp="7 Aug 2014 07:06:26 GMT" time="19.659" errors="0">
  <testcase name="GAME_openBrowser" time="18.474" classname="com.gtech.miscellaneous.testcases.WebBrowser"/>
  <testcase name="GAME_SignIn" time="0.0020" classname="com.gtech.administration.testcases.Login"/>
  <testcase name="GAME_closeBrowser" time="1.17" classname="com.gtech.miscellaneous.testcases.WebBrowser"/>
</testsuite> <!-- SignIN -->
