<?xml version="1.0" encoding="UTF-8"?>
<!-- Generated by org.testng.reporters.JUnitXMLReporter -->
<testsuite hostname="SPBDDEV035" name="SignIN" tests="3" failures="1" timestamp="12 Aug 2014 06:34:21 GMT" time="32.769" errors="0">
  <testcase name="GAME_openBrowser" time="8.807" classname="com.gtech.miscellaneous.testcases.WebBrowser"/>
  <testcase name="GAME_SignIn" time="22.753" classname="com.gtech.administration.testcases.Login">
    <failure type="java.lang.NullPointerException">
      <![CDATA[java.lang.NullPointerException
	at com.gtech.util.Asserting.screenShot(Asserting.java:136)
	at com.gtech.util.Asserting.verifyEquals(Asserting.java:105)
	at com.gtech.util.Util4Modules.verifyingDpath(Util4Modules.java:1838)
	at com.gtech.util.Util4Modules.verifyingLabelsAndTextTheFields(Util4Modules.java:1775)
	at com.gtech.administration.implementation.Login_Implementation.GAME_SignIn(Login_Implementation.java:87)
	at com.gtech.administration.testcases.Login.GAME_SignIn(Login.java:59)
... Removed 24 stack frames]]>
    </failure>
  </testcase> <!-- GAME_SignIn -->
  <testcase name="GAME_closeBrowser" time="1.204" classname="com.gtech.miscellaneous.testcases.WebBrowser"/>
</testsuite> <!-- SignIN -->
