<?xml version="1.0" encoding="UTF-8"?>
<!-- Generated by org.testng.reporters.JUnitXMLReporter -->
<testsuite hostname="SPBDDEV035" name="SignIN" tests="3" failures="0" timestamp="7 Aug 2014 07:14:43 GMT" time="10.516" errors="0">
  <testcase name="GAME_openBrowser" time="9.337" classname="com.gtech.miscellaneous.testcases.WebBrowser"/>
  <testcase name="GAME_SignIn" time="0.0020" classname="com.gtech.administration.testcases.Login"/>
  <testcase name="GAME_closeBrowser" time="1.166" classname="com.gtech.miscellaneous.testcases.WebBrowser"/>
</testsuite> <!-- SignIN -->
