<?xml version="1.0" encoding="UTF-8"?>
<!-- Generated by org.testng.reporters.JUnitXMLReporter -->
<testsuite hostname="SPBDDEV035" name="SignIN" tests="3" failures="0" timestamp="14 Aug 2014 14:50:49 GMT" time="38.398" errors="0">
  <testcase name="GAME_openBrowser" time="8.848" classname="com.gtech.miscellaneous.testcases.WebBrowser"/>
  <testcase name="GAME_SignIn" time="28.263" classname="com.gtech.administration.testcases.Login"/>
  <testcase name="GAME_closeBrowser" time="1.275" classname="com.gtech.miscellaneous.testcases.WebBrowser"/>
</testsuite> <!-- SignIN -->
