<?xml version="1.0" encoding="UTF-8"?>
<testng-results skipped="0" failed="0" total="3" passed="3">
  <reporter-output>
  </reporter-output>
  <suite name="Suite" duration-ms="38417" started-at="2014-08-14T14:50:10Z" finished-at="2014-08-14T14:50:49Z">
    <groups>
      <group name="openBrowser">
        <method signature="WebBrowser.GAME_openBrowser(java.util.LinkedHashMap)[pri:0, instance:com.gtech.miscellaneous.testcases.WebBrowser@388ee016]" name="GAME_openBrowser" class="com.gtech.miscellaneous.testcases.WebBrowser"/>
      </group> <!-- openBrowser -->
      <group name="closeBrowser">
        <method signature="WebBrowser.GAME_closeBrowser()[pri:0, instance:com.gtech.miscellaneous.testcases.WebBrowser@388ee016]" name="GAME_closeBrowser" class="com.gtech.miscellaneous.testcases.WebBrowser"/>
      </group> <!-- closeBrowser -->
      <group name="signIn">
        <method signature="Login.GAME_SignIn(java.util.LinkedHashMap)[pri:0, instance:com.gtech.administration.testcases.Login@5ff06dc3]" name="GAME_SignIn" class="com.gtech.administration.testcases.Login"/>
      </group> <!-- signIn -->
      <group name="smokeTest">
        <method signature="Login.GAME_SignIn(java.util.LinkedHashMap)[pri:0, instance:com.gtech.administration.testcases.Login@5ff06dc3]" name="GAME_SignIn" class="com.gtech.administration.testcases.Login"/>
      </group> <!-- smokeTest -->
    </groups>
    <test name="BeforeAppEx" duration-ms="3" started-at="2014-08-14T14:50:10Z" finished-at="2014-08-14T14:50:10Z">
    </test> <!-- BeforeAppEx -->
    <test name="SignIN" duration-ms="38398" started-at="2014-08-14T14:50:10Z" finished-at="2014-08-14T14:50:49Z">
      <class name="com.gtech.administration.testcases.Login">
        <test-method status="PASS" signature="GAME_SignIn(java.util.LinkedHashMap)[pri:0, instance:com.gtech.administration.testcases.Login@5ff06dc3]" name="GAME_SignIn" duration-ms="28263" depends-on-groups="openBrowser" started-at="2014-08-14T20:20:19Z" data-provider="DataProvider4Iterations" finished-at="2014-08-14T20:20:48Z">
          <params>
            <param index="0">
              <value>
                <![CDATA[{parameters={title=English}, field={First name=bhupesh, Last name=sharma, Email=bupe@gmail.com, Mobile=798789797877, Login name=bhupeshsh, Password=Apere12345, Nickname=bupeshkkk, Home Phone=45453534534534, ADDRESS 1=dfgfgfdgfdg, ADDRESS 2=gdfgdfgfdg, Post Code=545345, Security answer=petshsh}, dropdown={Country=INDIA, Gender=Male, Security question=Where did you go to school?, How did you hear about us=Friend}, date={month=Jul, day=5, year=1984}, button={sign=Sign Up Here}, checkbox={18=*Confirm you are over 18 years, accept=I Accept the, keepmeUpdayed=Keep me updated with news}}]]>
              </value>
            </param>
          </params>
          <reporter-output>
          </reporter-output>
        </test-method> <!-- GAME_SignIn -->
      </class> <!-- com.gtech.administration.testcases.Login -->
      <class name="com.gtech.suite.BeforeAppEx">
        <test-method status="PASS" signature="beforeSuite(java.lang.String)[pri:0, instance:com.gtech.suite.BeforeAppEx@58f39b3a]" name="beforeSuite" is-config="true" duration-ms="404" started-at="2014-08-14T20:20:10Z" finished-at="2014-08-14T20:20:10Z">
          <params>
            <param index="0">
              <value>
                <![CDATA[true]]>
              </value>
            </param>
          </params>
          <reporter-output>
          </reporter-output>
        </test-method> <!-- beforeSuite -->
        <test-method status="PASS" signature="afterSuite()[pri:0, instance:com.gtech.suite.BeforeAppEx@58f39b3a]" name="afterSuite" is-config="true" duration-ms="1" started-at="2014-08-14T20:20:49Z" finished-at="2014-08-14T20:20:49Z">
          <reporter-output>
          </reporter-output>
        </test-method> <!-- afterSuite -->
      </class> <!-- com.gtech.suite.BeforeAppEx -->
      <class name="com.gtech.miscellaneous.testcases.WebBrowser">
        <test-method status="PASS" signature="GAME_openBrowser(java.util.LinkedHashMap)[pri:0, instance:com.gtech.miscellaneous.testcases.WebBrowser@388ee016]" name="GAME_openBrowser" duration-ms="8848" started-at="2014-08-14T20:20:10Z" data-provider="DataProvider" finished-at="2014-08-14T20:20:19Z">
          <params>
            <param index="0">
              <value>
                <![CDATA[{parameters={url=http://www-cat.chitchatbingo.com/content/ibn/en.html}}]]>
              </value>
            </param>
          </params>
          <reporter-output>
          </reporter-output>
        </test-method> <!-- GAME_openBrowser -->
        <test-method status="PASS" signature="GAME_closeBrowser()[pri:0, instance:com.gtech.miscellaneous.testcases.WebBrowser@388ee016]" name="GAME_closeBrowser" duration-ms="1275" depends-on-groups="signIn" started-at="2014-08-14T20:20:48Z" finished-at="2014-08-14T20:20:49Z">
          <reporter-output>
          </reporter-output>
        </test-method> <!-- GAME_closeBrowser -->
      </class> <!-- com.gtech.miscellaneous.testcases.WebBrowser -->
    </test> <!-- SignIN -->
  </suite> <!-- Suite -->
</testng-results>
