<?xml version="1.0" encoding="UTF-8"?>
<testng-results skipped="0" failed="1" total="3" passed="2">
  <reporter-output>
  </reporter-output>
  <suite name="Suite" duration-ms="32800" started-at="2014-08-12T06:33:49Z" finished-at="2014-08-12T06:34:21Z">
    <groups>
      <group name="openBrowser">
        <method signature="WebBrowser.GAME_openBrowser(java.util.LinkedHashMap)[pri:0, instance:com.gtech.miscellaneous.testcases.WebBrowser@30e34726]" name="GAME_openBrowser" class="com.gtech.miscellaneous.testcases.WebBrowser"/>
      </group> <!-- openBrowser -->
      <group name="closeBrowser">
        <method signature="WebBrowser.GAME_closeBrowser()[pri:0, instance:com.gtech.miscellaneous.testcases.WebBrowser@30e34726]" name="GAME_closeBrowser" class="com.gtech.miscellaneous.testcases.WebBrowser"/>
      </group> <!-- closeBrowser -->
      <group name="signIn">
        <method signature="Login.GAME_SignIn(java.util.LinkedHashMap)[pri:0, instance:com.gtech.administration.testcases.Login@6f347124]" name="GAME_SignIn" class="com.gtech.administration.testcases.Login"/>
      </group> <!-- signIn -->
      <group name="smokeTest">
        <method signature="Login.GAME_SignIn(java.util.LinkedHashMap)[pri:0, instance:com.gtech.administration.testcases.Login@6f347124]" name="GAME_SignIn" class="com.gtech.administration.testcases.Login"/>
      </group> <!-- smokeTest -->
    </groups>
    <test name="BeforeAppEx" duration-ms="16" started-at="2014-08-12T06:33:49Z" finished-at="2014-08-12T06:33:49Z">
    </test> <!-- BeforeAppEx -->
    <test name="SignIN" duration-ms="32769" started-at="2014-08-12T06:33:49Z" finished-at="2014-08-12T06:34:21Z">
      <class name="com.gtech.administration.testcases.Login">
        <test-method status="FAIL" signature="GAME_SignIn(java.util.LinkedHashMap)[pri:0, instance:com.gtech.administration.testcases.Login@6f347124]" name="GAME_SignIn" duration-ms="22753" depends-on-groups="openBrowser" started-at="2014-08-12T12:03:58Z" data-provider="DataProvider4Iterations" finished-at="2014-08-12T12:04:20Z">
          <params>
            <param index="0">
              <value>
                <![CDATA[{parameters={title=English}, field={First name=bhupesh, Last name=sharma, Email=bupe@gmail.com, Mobile=798789797877, Login name=bhupeshsh, Passwordt=Apere12345, Nickname=bupeshkkk, Home Phone=45453534534534, ADDRESS 1=dfgfgfdgfdg, ADDRESS 2=gdfgdfgfdg, Post Code=545345, Security answer=petshsh}, dropdown={Country=INDIA, Gender=Male, Security question=Where did you go to school?, How did you hear about us=Friend}, date={month=Jul, day=5, year=1984}, button={sign=Sign Up Here}, checkbox={18=*Confirm you are over 18 years, accept=I Accept the, keepmeUpdayed=Keep me updated with news}}]]>
              </value>
            </param>
          </params>
          <exception class="java.lang.NullPointerException">
            <full-stacktrace>
              <![CDATA[java.lang.NullPointerException
	at com.gtech.util.Asserting.screenShot(Asserting.java:136)
	at com.gtech.util.Asserting.verifyEquals(Asserting.java:105)
	at com.gtech.util.Util4Modules.verifyingDpath(Util4Modules.java:1838)
	at com.gtech.util.Util4Modules.verifyingLabelsAndTextTheFields(Util4Modules.java:1775)
	at com.gtech.administration.implementation.Login_Implementation.GAME_SignIn(Login_Implementation.java:87)
	at com.gtech.administration.testcases.Login.GAME_SignIn(Login.java:59)
	at sun.reflect.NativeMethodAccessorImpl.invoke0(Native Method)
	at sun.reflect.NativeMethodAccessorImpl.invoke(NativeMethodAccessorImpl.java:39)
	at sun.reflect.DelegatingMethodAccessorImpl.invoke(DelegatingMethodAccessorImpl.java:25)
	at java.lang.reflect.Method.invoke(Method.java:597)
	at org.testng.internal.MethodInvocationHelper.invokeMethod(MethodInvocationHelper.java:84)
	at org.testng.internal.Invoker.invokeMethod(Invoker.java:714)
	at org.testng.internal.Invoker.invokeTestMethod(Invoker.java:901)
	at org.testng.internal.Invoker.invokeTestMethods(Invoker.java:1231)
	at org.testng.internal.TestMethodWorker.invokeTestMethods(TestMethodWorker.java:127)
	at org.testng.internal.TestMethodWorker.run(TestMethodWorker.java:111)
	at org.testng.TestRunner.privateRun(TestRunner.java:767)
	at org.testng.TestRunner.run(TestRunner.java:617)
	at org.testng.SuiteRunner.runTest(SuiteRunner.java:334)
	at org.testng.SuiteRunner.runSequentially(SuiteRunner.java:329)
	at org.testng.SuiteRunner.privateRun(SuiteRunner.java:291)
	at org.testng.SuiteRunner.run(SuiteRunner.java:240)
	at org.testng.SuiteRunnerWorker.runSuite(SuiteRunnerWorker.java:52)
	at org.testng.SuiteRunnerWorker.run(SuiteRunnerWorker.java:86)
	at org.testng.TestNG.runSuitesSequentially(TestNG.java:1224)
	at org.testng.TestNG.runSuitesLocally(TestNG.java:1149)
	at org.testng.TestNG.run(TestNG.java:1057)
	at org.testng.remote.RemoteTestNG.run(RemoteTestNG.java:111)
	at org.testng.remote.RemoteTestNG.initAndRun(RemoteTestNG.java:204)
	at org.testng.remote.RemoteTestNG.main(RemoteTestNG.java:175)
]]>
            </full-stacktrace>
          </exception> <!-- java.lang.NullPointerException -->
          <reporter-output>
          </reporter-output>
        </test-method> <!-- GAME_SignIn -->
      </class> <!-- com.gtech.administration.testcases.Login -->
      <class name="com.gtech.suite.BeforeAppEx">
        <test-method status="PASS" signature="beforeSuite(java.lang.String)[pri:0, instance:com.gtech.suite.BeforeAppEx@1d25d06e]" name="beforeSuite" is-config="true" duration-ms="390" started-at="2014-08-12T12:03:48Z" finished-at="2014-08-12T12:03:49Z">
          <params>
            <param index="0">
              <value>
                <![CDATA[true]]>
              </value>
            </param>
          </params>
          <reporter-output>
          </reporter-output>
        </test-method> <!-- beforeSuite -->
        <test-method status="PASS" signature="afterSuite()[pri:0, instance:com.gtech.suite.BeforeAppEx@1d25d06e]" name="afterSuite" is-config="true" duration-ms="0" started-at="2014-08-12T12:04:21Z" finished-at="2014-08-12T12:04:21Z">
          <reporter-output>
          </reporter-output>
        </test-method> <!-- afterSuite -->
      </class> <!-- com.gtech.suite.BeforeAppEx -->
      <class name="com.gtech.miscellaneous.testcases.WebBrowser">
        <test-method status="PASS" signature="GAME_openBrowser(java.util.LinkedHashMap)[pri:0, instance:com.gtech.miscellaneous.testcases.WebBrowser@30e34726]" name="GAME_openBrowser" duration-ms="8807" started-at="2014-08-12T12:03:49Z" data-provider="DataProvider" finished-at="2014-08-12T12:03:58Z">
          <params>
            <param index="0">
              <value>
                <![CDATA[{parameters={url=http://www-cat.chitchatbingo.com/content/ibn/en.html}}]]>
              </value>
            </param>
          </params>
          <reporter-output>
          </reporter-output>
        </test-method> <!-- GAME_openBrowser -->
        <test-method status="PASS" signature="GAME_closeBrowser()[pri:0, instance:com.gtech.miscellaneous.testcases.WebBrowser@30e34726]" name="GAME_closeBrowser" duration-ms="1204" depends-on-groups="signIn" started-at="2014-08-12T12:04:20Z" finished-at="2014-08-12T12:04:21Z">
          <reporter-output>
          </reporter-output>
        </test-method> <!-- GAME_closeBrowser -->
      </class> <!-- com.gtech.miscellaneous.testcases.WebBrowser -->
    </test> <!-- SignIN -->
  </suite> <!-- Suite -->
</testng-results>
